[debug] ----------------------------------------------------------------------
[debug] Command:      /usr/local/bin/node /usr/local/bin/firebase serve
[debug] CLI Version:  3.4.0
[debug] Platform:     darwin
[debug] Node Version: v6.10.0
[debug] Time:         Sun Mar 05 2017 17:06:48 GMT-0800 (PST)
[debug] ----------------------------------------------------------------------
[debug] 
[info] Starting Firebase development server...
[info] 
[info] Project Directory: /Users/davidmonical/landingpage
[info] Public Directory: public
[info] 
[info] Server listening at: http://localhost:5000
[debug] ----------------------------------------------------------------------
[debug] Command:      /usr/local/bin/node /usr/local/bin/firebase serve
[debug] CLI Version:  3.4.0
[debug] Platform:     darwin
[debug] Node Version: v6.10.0
[debug] Time:         Sun Mar 05 2017 17:18:29 GMT-0800 (PST)
[debug] ----------------------------------------------------------------------
[debug] 
[info] Starting Firebase development server...
[info] 
[info] Project Directory: /Users/davidmonical/landingpage
[info] Public Directory: public
[info] 
[info] Server listening at: http://localhost:5000
